<?xml version="1.0" encoding="UTF-8"?>
<testng-results skipped="0" failed="0" ignored="0" total="1" passed="1">
  <reporter-output>
  </reporter-output>
  <suite name="Suite" duration-ms="40577" started-at="2020-11-26T09:54:46Z" finished-at="2020-11-26T09:55:27Z">
    <groups>
      <group name="cucumber">
        <method signature="AbstractTestNGCucumberTests.feature(cucumber.api.testng.CucumberFeatureWrapper)[pri:0, instance:testRunner.TMEWebTestsRunner@52454457]" name="feature" class="cucumber.api.testng.AbstractTestNGCucumberTests"/>
      </group> <!-- cucumber -->
    </groups>
    <test name="TMEUsedMotorsSearchTests" duration-ms="40577" started-at="2020-11-26T09:54:46Z" finished-at="2020-11-26T09:55:27Z">
      <class name="testRunner.TMEWebTestsRunner">
        <test-method status="PASS" signature="setUpClass()[pri:0, instance:testRunner.TMEWebTestsRunner@52454457]" name="setUpClass" is-config="true" duration-ms="1032" started-at="2020-11-26T09:54:46Z" finished-at="2020-11-26T09:54:47Z">
          <reporter-output>
          </reporter-output>
        </test-method> <!-- setUpClass -->
        <test-method status="PASS" signature="feature(cucumber.api.testng.CucumberFeatureWrapper)[pri:0, instance:testRunner.TMEWebTestsRunner@52454457]" name="feature" duration-ms="38913" started-at="2020-11-26T09:54:47Z" description="Runs Cucumber Feature" data-provider="features" finished-at="2020-11-26T09:55:26Z">
          <params>
            <param index="0">
              <value>
                <![CDATA[UsedCars feature of the Trademe web page]]>
              </value>
            </param>
          </params>
          <reporter-output>
          </reporter-output>
        </test-method> <!-- feature -->
        <test-method status="PASS" signature="tearDownClass()[pri:0, instance:testRunner.TMEWebTestsRunner@52454457]" name="tearDownClass" is-config="true" duration-ms="19" started-at="2020-11-26T09:55:27Z" finished-at="2020-11-26T09:55:27Z">
          <reporter-output>
          </reporter-output>
        </test-method> <!-- tearDownClass -->
      </class> <!-- testRunner.TMEWebTestsRunner -->
    </test> <!-- TMEUsedMotorsSearchTests -->
  </suite> <!-- Suite -->
</testng-results>
